2015-09-28 15:56:52.192  INFO 842 --- [Test worker] es.unizar.webeng.hello.IntegrationTests  : Starting IntegrationTests on iMac-de-Javier.local with PID 842 (/Users/javier/hello/build/classes/test started by javier in /Users/javier/hello)
2015-09-28 15:56:52.409  INFO 842 --- [Test worker] o.s.w.c.s.GenericWebApplicationContext   : Refreshing org.springframework.web.context.support.GenericWebApplicationContext@1231573: startup date [Mon Sep 28 15:56:52 CEST 2015]; root of context hierarchy
2015-09-28 15:56:54.218  INFO 842 --- [Test worker] o.s.b.f.s.DefaultListableBeanFactory     : Overriding bean definition for bean 'beanNameViewResolver': replacing [Root bean: class [null]; scope=; abstract=false; lazyInit=false; autowireMode=3; dependencyCheck=0; autowireCandidate=true; primary=false; factoryBeanName=org.springframework.boot.autoconfigure.web.ErrorMvcAutoConfiguration$WhitelabelErrorViewConfiguration; factoryMethodName=beanNameViewResolver; initMethodName=null; destroyMethodName=(inferred); defined in class path resource [org/springframework/boot/autoconfigure/web/ErrorMvcAutoConfiguration$WhitelabelErrorViewConfiguration.class]] with [Root bean: class [null]; scope=; abstract=false; lazyInit=false; autowireMode=3; dependencyCheck=0; autowireCandidate=true; primary=false; factoryBeanName=org.springframework.boot.autoconfigure.web.WebMvcAutoConfiguration$WebMvcAutoConfigurationAdapter; factoryMethodName=beanNameViewResolver; initMethodName=null; destroyMethodName=(inferred); defined in class path resource [org/springframework/boot/autoconfigure/web/WebMvcAutoConfiguration$WebMvcAutoConfigurationAdapter.class]]
2015-09-28 15:56:56.168  INFO 842 --- [Test worker] trationDelegate$BeanPostProcessorChecker : Bean 'org.springframework.scheduling.annotation.SchedulingConfiguration' of type [class org.springframework.scheduling.annotation.SchedulingConfiguration$$EnhancerBySpringCGLIB$$18cddfd4] is not eligible for getting processed by all BeanPostProcessors (for example: not eligible for auto-proxying)
2015-09-28 15:56:58.932  INFO 842 --- [Test worker] s.w.s.m.m.a.RequestMappingHandlerAdapter : Looking for @ControllerAdvice: org.springframework.web.context.support.GenericWebApplicationContext@1231573: startup date [Mon Sep 28 15:56:52 CEST 2015]; root of context hierarchy
2015-09-28 15:56:59.102  INFO 842 --- [Test worker] s.w.s.m.m.a.RequestMappingHandlerMapping : Mapped "{[/],methods=[POST]}" onto public java.lang.String es.unizar.webeng.hello.HelloController.userdata()
2015-09-28 15:56:59.108  INFO 842 --- [Test worker] s.w.s.m.m.a.RequestMappingHandlerMapping : Mapped "{[/],methods=[GET]}" onto public java.lang.String es.unizar.webeng.hello.HelloController.welcome(java.util.Map<java.lang.String, java.lang.Object>)
2015-09-28 15:56:59.112  INFO 842 --- [Test worker] s.w.s.m.m.a.RequestMappingHandlerMapping : Mapped "{[/error]}" onto public org.springframework.http.ResponseEntity<java.util.Map<java.lang.String, java.lang.Object>> org.springframework.boot.autoconfigure.web.BasicErrorController.error(javax.servlet.http.HttpServletRequest)
2015-09-28 15:56:59.113  INFO 842 --- [Test worker] s.w.s.m.m.a.RequestMappingHandlerMapping : Mapped "{[/error],produces=[text/html]}" onto public org.springframework.web.servlet.ModelAndView org.springframework.boot.autoconfigure.web.BasicErrorController.errorHtml(javax.servlet.http.HttpServletRequest)
2015-09-28 15:56:59.168  INFO 842 --- [Test worker] o.s.w.s.handler.SimpleUrlHandlerMapping  : Mapped URL path [/webjars/**] onto handler of type [class org.springframework.web.servlet.resource.ResourceHttpRequestHandler]
2015-09-28 15:56:59.169  INFO 842 --- [Test worker] o.s.w.s.handler.SimpleUrlHandlerMapping  : Mapped URL path [/**] onto handler of type [class org.springframework.web.servlet.resource.ResourceHttpRequestHandler]
2015-09-28 15:56:59.253  INFO 842 --- [Test worker] o.s.w.s.handler.SimpleUrlHandlerMapping  : Mapped URL path [/**/favicon.ico] onto handler of type [class org.springframework.web.servlet.resource.ResourceHttpRequestHandler]
2015-09-28 15:56:59.516  INFO 842 --- [pool-1-thread-1] es.unizar.webeng.hello.HelloController   : Mon Sep 28 15:56:59 CEST 2015: Server has been running for 0 seconds
2015-09-28 15:56:59.518  INFO 842 --- [pool-1-thread-1] es.unizar.webeng.hello.HelloController   : 0 resquests have been made since the server started
2015-09-28 15:56:59.538  INFO 842 --- [Test worker] es.unizar.webeng.hello.IntegrationTests  : Started IntegrationTests in 8.781 seconds (JVM running for 14.403)
2015-09-28 15:56:59.618  INFO 842 --- [Test worker] o.s.mock.web.MockServletContext          : Initializing Spring FrameworkServlet ''
2015-09-28 15:56:59.620  INFO 842 --- [Test worker] o.s.t.web.servlet.TestDispatcherServlet  : FrameworkServlet '': initialization started
2015-09-28 15:56:59.646  INFO 842 --- [Test worker] o.s.t.web.servlet.TestDispatcherServlet  : FrameworkServlet '': initialization completed in 26 ms
2015-09-28 15:56:59.798  INFO 842 --- [Test worker] o.s.t.c.web.WebTestContextBootstrapper   : Could not instantiate TestExecutionListener [org.springframework.test.context.transaction.TransactionalTestExecutionListener]. Specify custom listener classes or make the default listener classes (and their required dependencies) available. Offending class: [org/springframework/transaction/interceptor/TransactionAttributeSource]
2015-09-28 15:56:59.800  INFO 842 --- [Test worker] o.s.t.c.web.WebTestContextBootstrapper   : Could not instantiate TestExecutionListener [org.springframework.test.context.jdbc.SqlScriptsTestExecutionListener]. Specify custom listener classes or make the default listener classes (and their required dependencies) available. Offending class: [org/springframework/transaction/interceptor/TransactionAttribute]
2015-09-28 15:56:59.802  INFO 842 --- [Test worker] o.s.t.c.web.WebTestContextBootstrapper   : Using TestExecutionListeners: [org.springframework.boot.test.IntegrationTestPropertiesListener@39307a49, org.springframework.test.context.support.DependencyInjectionTestExecutionListener@3986b1b6, org.springframework.test.context.support.DirtiesContextTestExecutionListener@3a7317b7]
2015-09-28 15:56:59.877  INFO 842 --- [Test worker] es.unizar.webeng.hello.SystemTests       : Starting SystemTests on iMac-de-Javier.local with PID 842 (/Users/javier/hello/build/classes/test started by javier in /Users/javier/hello)
2015-09-28 15:56:59.879  INFO 842 --- [Test worker] ationConfigEmbeddedWebApplicationContext : Refreshing org.springframework.boot.context.embedded.AnnotationConfigEmbeddedWebApplicationContext@1aa74cd9: startup date [Mon Sep 28 15:56:59 CEST 2015]; root of context hierarchy
2015-09-28 15:57:00.311  INFO 842 --- [Test worker] o.s.b.f.s.DefaultListableBeanFactory     : Overriding bean definition for bean 'beanNameViewResolver': replacing [Root bean: class [null]; scope=; abstract=false; lazyInit=false; autowireMode=3; dependencyCheck=0; autowireCandidate=true; primary=false; factoryBeanName=org.springframework.boot.autoconfigure.web.ErrorMvcAutoConfiguration$WhitelabelErrorViewConfiguration; factoryMethodName=beanNameViewResolver; initMethodName=null; destroyMethodName=(inferred); defined in class path resource [org/springframework/boot/autoconfigure/web/ErrorMvcAutoConfiguration$WhitelabelErrorViewConfiguration.class]] with [Root bean: class [null]; scope=; abstract=false; lazyInit=false; autowireMode=3; dependencyCheck=0; autowireCandidate=true; primary=false; factoryBeanName=org.springframework.boot.autoconfigure.web.WebMvcAutoConfiguration$WebMvcAutoConfigurationAdapter; factoryMethodName=beanNameViewResolver; initMethodName=null; destroyMethodName=(inferred); defined in class path resource [org/springframework/boot/autoconfigure/web/WebMvcAutoConfiguration$WebMvcAutoConfigurationAdapter.class]]
2015-09-28 15:57:00.505  INFO 842 --- [Test worker] trationDelegate$BeanPostProcessorChecker : Bean 'org.springframework.scheduling.annotation.SchedulingConfiguration' of type [class org.springframework.scheduling.annotation.SchedulingConfiguration$$EnhancerBySpringCGLIB$$18cddfd4] is not eligible for getting processed by all BeanPostProcessors (for example: not eligible for auto-proxying)
2015-09-28 15:57:01.069  INFO 842 --- [Test worker] s.b.c.e.t.TomcatEmbeddedServletContainer : Tomcat initialized with port(s): 0 (http)
2015-09-28 15:57:01.637  INFO 842 --- [Test worker] o.apache.catalina.core.StandardService   : Starting service Tomcat
2015-09-28 15:57:01.642  INFO 842 --- [Test worker] org.apache.catalina.core.StandardEngine  : Starting Servlet Engine: Apache Tomcat/8.0.26
2015-09-28 15:57:02.283  INFO 842 --- [localhost-startStop-1] org.apache.jasper.servlet.TldScanner     : At least one JAR was scanned for TLDs yet contained no TLDs. Enable debug logging for this logger for a complete list of JARs that were scanned but no TLDs were found in them. Skipping unneeded JARs during scanning can improve startup time and JSP compilation time.
2015-09-28 15:57:02.305  INFO 842 --- [localhost-startStop-1] o.a.c.c.C.[Tomcat].[localhost].[/]       : Initializing Spring embedded WebApplicationContext
2015-09-28 15:57:02.308  INFO 842 --- [localhost-startStop-1] o.s.web.context.ContextLoader            : Root WebApplicationContext: initialization completed in 2429 ms
2015-09-28 15:57:02.632  INFO 842 --- [localhost-startStop-1] o.s.b.c.e.ServletRegistrationBean        : Mapping servlet: 'dispatcherServlet' to [/]
2015-09-28 15:57:02.651  INFO 842 --- [localhost-startStop-1] o.s.b.c.embedded.FilterRegistrationBean  : Mapping filter: 'characterEncodingFilter' to: [/*]
2015-09-28 15:57:02.659  INFO 842 --- [localhost-startStop-1] o.s.b.c.embedded.FilterRegistrationBean  : Mapping filter: 'hiddenHttpMethodFilter' to: [/*]
2015-09-28 15:57:03.050  INFO 842 --- [localhost-startStop-1] o.a.c.util.SessionIdGeneratorBase        : Creation of SecureRandom instance for session ID generation using [SHA1PRNG] took [318] milliseconds.
2015-09-28 15:57:03.132  INFO 842 --- [Test worker] s.w.s.m.m.a.RequestMappingHandlerAdapter : Looking for @ControllerAdvice: org.springframework.boot.context.embedded.AnnotationConfigEmbeddedWebApplicationContext@1aa74cd9: startup date [Mon Sep 28 15:56:59 CEST 2015]; root of context hierarchy
2015-09-28 15:57:03.148  INFO 842 --- [Test worker] s.w.s.m.m.a.RequestMappingHandlerMapping : Mapped "{[/],methods=[POST]}" onto public java.lang.String es.unizar.webeng.hello.HelloController.userdata()
2015-09-28 15:57:03.148  INFO 842 --- [Test worker] s.w.s.m.m.a.RequestMappingHandlerMapping : Mapped "{[/],methods=[GET]}" onto public java.lang.String es.unizar.webeng.hello.HelloController.welcome(java.util.Map<java.lang.String, java.lang.Object>)
2015-09-28 15:57:03.150  INFO 842 --- [Test worker] s.w.s.m.m.a.RequestMappingHandlerMapping : Mapped "{[/error]}" onto public org.springframework.http.ResponseEntity<java.util.Map<java.lang.String, java.lang.Object>> org.springframework.boot.autoconfigure.web.BasicErrorController.error(javax.servlet.http.HttpServletRequest)
2015-09-28 15:57:03.151  INFO 842 --- [Test worker] s.w.s.m.m.a.RequestMappingHandlerMapping : Mapped "{[/error],produces=[text/html]}" onto public org.springframework.web.servlet.ModelAndView org.springframework.boot.autoconfigure.web.BasicErrorController.errorHtml(javax.servlet.http.HttpServletRequest)
2015-09-28 15:57:03.161  INFO 842 --- [Test worker] o.s.w.s.handler.SimpleUrlHandlerMapping  : Mapped URL path [/webjars/**] onto handler of type [class org.springframework.web.servlet.resource.ResourceHttpRequestHandler]
2015-09-28 15:57:03.162  INFO 842 --- [Test worker] o.s.w.s.handler.SimpleUrlHandlerMapping  : Mapped URL path [/**] onto handler of type [class org.springframework.web.servlet.resource.ResourceHttpRequestHandler]
2015-09-28 15:57:03.175  INFO 842 --- [Test worker] o.s.w.s.handler.SimpleUrlHandlerMapping  : Mapped URL path [/**/favicon.ico] onto handler of type [class org.springframework.web.servlet.resource.ResourceHttpRequestHandler]
2015-09-28 15:57:03.195  INFO 842 --- [pool-2-thread-1] es.unizar.webeng.hello.HelloController   : Mon Sep 28 15:57:03 CEST 2015: Server has been running for 0 seconds
2015-09-28 15:57:03.196  INFO 842 --- [pool-2-thread-1] es.unizar.webeng.hello.HelloController   : 0 resquests have been made since the server started
2015-09-28 15:57:03.341  INFO 842 --- [Test worker] s.b.c.e.t.TomcatEmbeddedServletContainer : Tomcat started on port(s): 50486 (http)
2015-09-28 15:57:03.348  INFO 842 --- [Test worker] es.unizar.webeng.hello.SystemTests       : Started SystemTests in 3.535 seconds (JVM running for 18.213)
2015-09-28 15:57:03.808  INFO 842 --- [http-nio-auto-1-exec-1] o.a.c.c.C.[Tomcat].[localhost].[/]       : Initializing Spring FrameworkServlet 'dispatcherServlet'
2015-09-28 15:57:03.810  INFO 842 --- [http-nio-auto-1-exec-1] o.s.web.servlet.DispatcherServlet        : FrameworkServlet 'dispatcherServlet': initialization started
2015-09-28 15:57:03.819  INFO 842 --- [http-nio-auto-1-exec-1] o.s.web.servlet.DispatcherServlet        : FrameworkServlet 'dispatcherServlet': initialization completed in 9 ms
2015-09-28 15:57:06.754  INFO 842 --- [Test worker] ationConfigEmbeddedWebApplicationContext : Closing org.springframework.boot.context.embedded.AnnotationConfigEmbeddedWebApplicationContext@1aa74cd9: startup date [Mon Sep 28 15:56:59 CEST 2015]; root of context hierarchy
2015-09-28 15:57:06.963  INFO 842 --- [Test worker] o.s.t.c.s.DefaultTestContextBootstrapper : Loaded default TestExecutionListener class names from location [META-INF/spring.factories]: [org.springframework.test.context.web.ServletTestExecutionListener, org.springframework.test.context.support.DependencyInjectionTestExecutionListener, org.springframework.test.context.support.DirtiesContextTestExecutionListener, org.springframework.test.context.transaction.TransactionalTestExecutionListener, org.springframework.test.context.jdbc.SqlScriptsTestExecutionListener]
2015-09-28 15:57:06.964  INFO 842 --- [Test worker] o.s.t.c.s.DefaultTestContextBootstrapper : Could not instantiate TestExecutionListener [org.springframework.test.context.jdbc.SqlScriptsTestExecutionListener]. Specify custom listener classes or make the default listener classes (and their required dependencies) available. Offending class: [org/springframework/transaction/interceptor/TransactionAttribute]
2015-09-28 15:57:06.966  INFO 842 --- [Test worker] o.s.t.c.s.DefaultTestContextBootstrapper : Could not instantiate TestExecutionListener [org.springframework.test.context.transaction.TransactionalTestExecutionListener]. Specify custom listener classes or make the default listener classes (and their required dependencies) available. Offending class: [org/springframework/transaction/interceptor/TransactionAttributeSource]
2015-09-28 15:57:06.967  INFO 842 --- [Test worker] o.s.t.c.s.DefaultTestContextBootstrapper : Using TestExecutionListeners: [org.springframework.test.context.web.ServletTestExecutionListener@66d9bce3, org.springframework.test.context.support.DependencyInjectionTestExecutionListener@7bcf36a5, org.springframework.test.context.support.DirtiesContextTestExecutionListener@5f4db479]
2015-09-28 15:57:07.052  INFO 842 --- [Test worker] es.unizar.webeng.hello.UnitTest          : Starting UnitTest on iMac-de-Javier.local with PID 842 (/Users/javier/hello/build/classes/test started by javier in /Users/javier/hello)
2015-09-28 15:57:07.057  INFO 842 --- [Test worker] s.c.a.AnnotationConfigApplicationContext : Refreshing org.springframework.context.annotation.AnnotationConfigApplicationContext@523bb83: startup date [Mon Sep 28 15:57:07 CEST 2015]; root of context hierarchy
2015-09-28 15:57:07.309  INFO 842 --- [Test worker] trationDelegate$BeanPostProcessorChecker : Bean 'org.springframework.scheduling.annotation.SchedulingConfiguration' of type [class org.springframework.scheduling.annotation.SchedulingConfiguration$$EnhancerBySpringCGLIB$$18cddfd4] is not eligible for getting processed by all BeanPostProcessors (for example: not eligible for auto-proxying)
2015-09-28 15:57:07.399  INFO 842 --- [pool-3-thread-1] es.unizar.webeng.hello.HelloController   : Mon Sep 28 15:57:07 CEST 2015: Server has been running for 0 seconds
2015-09-28 15:57:07.401  INFO 842 --- [pool-3-thread-1] es.unizar.webeng.hello.HelloController   : 0 resquests have been made since the server started
2015-09-28 15:57:07.403  INFO 842 --- [Test worker] es.unizar.webeng.hello.UnitTest          : Started UnitTest in 0.428 seconds (JVM running for 22.269)
